Sa 3. Feb 15:18:20 CET 2018: Logfile created at: /home/c0d3d3v/Desktop/other_repos/aui/liveinstall.log








New Logfile


Sa 3. Feb 15:18:20 CET 2018: ERROR! You must execute the script as the root user.
Sa 3. Feb 15:18:29 CET 2018: Logfile created at: /home/c0d3d3v/Desktop/other_repos/aui/liveinstall.log








New Logfile


Sa 3. Feb 15:18:29 CET 2018: UEFI Mode detected
Sa 3. Feb 15:18:29 CET 2018: Detected wired device: enp0s31f6
Sa 3. Feb 15:18:29 CET 2018: Detected wireless device: wlp3s0
Sa 3. Feb 15:18:29 CET 2018: Connection found!
Sa 3. Feb 15:23:58 CET 2018: Logfile created at: /home/c0d3d3v/Desktop/other_repos/aui/liveinstall.log








New Logfile


Sa 3. Feb 15:23:58 CET 2018: UEFI Mode detected
Sa 3. Feb 15:23:58 CET 2018: type 'EF00'
Sa 3. Feb 15:23:58 CET 2018: Detected wired device: enp0s31f6
Sa 3. Feb 15:23:58 CET 2018: Detected wireless device: wlp3s0
Sa 3. Feb 15:23:58 CET 2018: Connection found!
Sa 3. Feb 15:23:59 CET 2018: This Skript will install Arch Linux
Sa 3. Feb 15:24:31 CET 2018: Logfile created at: /home/c0d3d3v/Desktop/other_repos/aui/liveinstall.log








New Logfile


Sa 3. Feb 15:24:31 CET 2018: UEFI Mode detected
Sa 3. Feb 15:24:31 CET 2018: type 'EF00'
Sa 3. Feb 15:24:31 CET 2018: Detected wired device: enp0s31f6
Sa 3. Feb 15:24:31 CET 2018: Detected wireless device: wlp3s0
Sa 3. Feb 15:24:31 CET 2018: Connection found!
Sa 3. Feb 15:24:38 CET 2018: This Skript will install Arch Linux
