Mi 7. Mär 19:19:12 CET 2018: Logfile created at: /home/daniel/Desktop/other_repos/aui/postinstall.log








New Logfile


Mi 7. Mär 19:19:12 CET 2018: Detected wired device: eno1
Mi 7. Mär 19:19:12 CET 2018: Detected wireless device: 
Mi 7. Mär 19:19:12 CET 2018: Connection found!
Mi 7. Mär 19:19:13 CET 2018: This Skript will install my lovely system
Mi 7. Mär 19:19:13 CET 2018: Be sure that you want to install all the software
Mi 7. Mär 19:19:13 CET 2018: A clean Arch installation is requested
Mi 7. Mär 19:20:44 CET 2018: Logfile created at: /home/daniel/Desktop/other_repos/aui/postinstall.log








New Logfile


Mi 7. Mär 19:20:44 CET 2018: Detected wired device: eno1
Mi 7. Mär 19:20:44 CET 2018: Detected wireless device: 
Mi 7. Mär 19:20:44 CET 2018: Connection found!
Mi 7. Mär 19:20:45 CET 2018: This Skript will install my lovely system
Mi 7. Mär 19:20:45 CET 2018: Be sure that you want to install all the software
Mi 7. Mär 19:20:45 CET 2018: A clean Arch installation is requested
Mi 7. Mär 19:20:53 CET 2018: Logfile created at: /home/daniel/Desktop/other_repos/aui/postinstall.log








New Logfile


Mi 7. Mär 19:20:53 CET 2018: Detected wired device: eno1
Mi 7. Mär 19:20:53 CET 2018: Detected wireless device: 
Mi 7. Mär 19:20:53 CET 2018: Connection found!
Mi 7. Mär 19:20:54 CET 2018: This Skript will install my lovely system
Mi 7. Mär 19:20:54 CET 2018: Be sure that you want to install all the software
Mi 7. Mär 19:20:54 CET 2018: A clean Arch installation is requested
